c:\users\sw448\onedrive\바탕 화면\posco_project\cpp_posco_project\project1\x64\debug\vc143.pdb
c:\users\sw448\onedrive\바탕 화면\posco_project\cpp_posco_project\project1\x64\debug\vc143.idb
c:\users\sw448\onedrive\바탕 화면\posco_project\cpp_posco_project\project1\x64\debug\omock.obj
c:\users\sw448\onedrive\바탕 화면\posco_project\cpp_posco_project\project1\x64\debug\project5_baseball.obj
c:\users\sw448\onedrive\바탕 화면\posco_project\cpp_posco_project\x64\debug\project1.pdb
c:\users\sw448\onedrive\바탕 화면\posco_project\cpp_posco_project\project1\x64\debug\project1.tlog\cl.command.1.tlog
c:\users\sw448\onedrive\바탕 화면\posco_project\cpp_posco_project\project1\x64\debug\project1.tlog\cl.items.tlog
c:\users\sw448\onedrive\바탕 화면\posco_project\cpp_posco_project\project1\x64\debug\project1.tlog\cl.read.1.tlog
c:\users\sw448\onedrive\바탕 화면\posco_project\cpp_posco_project\project1\x64\debug\project1.tlog\cl.write.1.tlog
c:\users\sw448\onedrive\바탕 화면\posco_project\cpp_posco_project\project1\x64\debug\project1.tlog\link-cvtres.read.1.tlog
c:\users\sw448\onedrive\바탕 화면\posco_project\cpp_posco_project\project1\x64\debug\project1.tlog\link-cvtres.write.1.tlog
c:\users\sw448\onedrive\바탕 화면\posco_project\cpp_posco_project\project1\x64\debug\project1.tlog\link-rc.read.1.tlog
c:\users\sw448\onedrive\바탕 화면\posco_project\cpp_posco_project\project1\x64\debug\project1.tlog\link-rc.write.1.tlog
c:\users\sw448\onedrive\바탕 화면\posco_project\cpp_posco_project\project1\x64\debug\project1.tlog\link.11288-cvtres.read.1.tlog
c:\users\sw448\onedrive\바탕 화면\posco_project\cpp_posco_project\project1\x64\debug\project1.tlog\link.11288-cvtres.write.1.tlog
c:\users\sw448\onedrive\바탕 화면\posco_project\cpp_posco_project\project1\x64\debug\project1.tlog\link.11288-rc.read.1.tlog
c:\users\sw448\onedrive\바탕 화면\posco_project\cpp_posco_project\project1\x64\debug\project1.tlog\link.11288-rc.write.1.tlog
c:\users\sw448\onedrive\바탕 화면\posco_project\cpp_posco_project\project1\x64\debug\project1.tlog\link.11288.read.1.tlog
c:\users\sw448\onedrive\바탕 화면\posco_project\cpp_posco_project\project1\x64\debug\project1.tlog\link.11288.read.2.tlog
c:\users\sw448\onedrive\바탕 화면\posco_project\cpp_posco_project\project1\x64\debug\project1.tlog\link.11288.write.1.tlog
c:\users\sw448\onedrive\바탕 화면\posco_project\cpp_posco_project\project1\x64\debug\project1.tlog\link.command.1.tlog
c:\users\sw448\onedrive\바탕 화면\posco_project\cpp_posco_project\project1\x64\debug\project1.tlog\link.read.1.tlog
c:\users\sw448\onedrive\바탕 화면\posco_project\cpp_posco_project\project1\x64\debug\project1.tlog\link.read.2.tlog
c:\users\sw448\onedrive\바탕 화면\posco_project\cpp_posco_project\project1\x64\debug\project1.tlog\link.write.1.tlog
